z:\visual studio 2022 projects\game3d\bin-int\debug_windows_x86_64\vc143.pdb
z:\visual studio 2022 projects\game3d\bin-int\debug_windows_x86_64\vc143.idb
z:\visual studio 2022 projects\game3d\bin-int\debug_windows_x86_64\imgui_widgets.obj
z:\visual studio 2022 projects\game3d\bin-int\debug_windows_x86_64\imgui_tables.obj
z:\visual studio 2022 projects\game3d\bin-int\debug_windows_x86_64\imgui_impl_opengl3.obj
z:\visual studio 2022 projects\game3d\bin-int\debug_windows_x86_64\imgui_impl_glfw.obj
z:\visual studio 2022 projects\game3d\bin-int\debug_windows_x86_64\imgui_draw.obj
z:\visual studio 2022 projects\game3d\bin-int\debug_windows_x86_64\imgui_demo.obj
z:\visual studio 2022 projects\game3d\bin-int\debug_windows_x86_64\imgui.obj
z:\visual studio 2022 projects\game3d\bin-int\debug_windows_x86_64\game.obj
z:\visual studio 2022 projects\game3d\bin-int\debug_windows_x86_64\openglwindow.obj
z:\visual studio 2022 projects\game3d\bin-int\debug_windows_x86_64\openglvertexbuffer.obj
z:\visual studio 2022 projects\game3d\bin-int\debug_windows_x86_64\openglindexbuffer.obj
z:\visual studio 2022 projects\game3d\bin-int\debug_windows_x86_64\openglelementbuffer.obj
z:\visual studio 2022 projects\game3d\bin-int\debug_windows_x86_64\opengl.obj
z:\visual studio 2022 projects\game3d\bin-int\debug_windows_x86_64\logger.obj
z:\visual studio 2022 projects\game3d\bin-int\debug_windows_x86_64\opengltexture.obj
z:\visual studio 2022 projects\game3d\bin-int\debug_windows_x86_64\openglshader.obj
z:\visual studio 2022 projects\game3d\bin-int\debug_windows_x86_64\openglvertexarray.obj
z:\visual studio 2022 projects\game3d\bin-int\debug_windows_x86_64\imguilayer.obj
z:\visual studio 2022 projects\game3d\bin-int\debug_windows_x86_64\openglinput.obj
z:\visual studio 2022 projects\game3d\bin-int\debug_windows_x86_64\utilities.obj
z:\visual studio 2022 projects\game3d\bin-int\debug_windows_x86_64\instance.obj
z:\visual studio 2022 projects\game3d\bin-int\debug_windows_x86_64\entities.obj
z:\visual studio 2022 projects\game3d\bin\debug_windows_x86_64\game3d.exe
z:\visual studio 2022 projects\game3d\bin-int\debug_windows_x86_64\game3d.ilk
z:\visual studio 2022 projects\game3d\bin\debug_windows_x86_64\game3d.pdb
z:\visual studio 2022 projects\game3d\bin-int\debug_windows_x86_64\game3d.tlog\cl.command.1.tlog
z:\visual studio 2022 projects\game3d\bin-int\debug_windows_x86_64\game3d.tlog\cl.items.tlog
z:\visual studio 2022 projects\game3d\bin-int\debug_windows_x86_64\game3d.tlog\cl.read.1.tlog
z:\visual studio 2022 projects\game3d\bin-int\debug_windows_x86_64\game3d.tlog\cl.write.1.tlog
z:\visual studio 2022 projects\game3d\bin-int\debug_windows_x86_64\game3d.tlog\link.command.1.tlog
z:\visual studio 2022 projects\game3d\bin-int\debug_windows_x86_64\game3d.tlog\link.read.1.tlog
z:\visual studio 2022 projects\game3d\bin-int\debug_windows_x86_64\game3d.tlog\link.write.1.tlog
