  Instance.cpp
  Logger.cpp
Z:\Visual Studio 2022 Projects\Poutine Engine\Engine\Sources\Core\Logger.cpp(26,7): warning C4551: function call missing argument list
  Utilities.cpp
  Entities.cpp
Z:\Visual Studio 2022 Projects\Poutine Engine\Engine\Sources\Entities\Entities.cpp(142,13): warning C4834: discarding return value of function with [[nodiscard]] attribute
  ImGuiLayer.cpp
Z:\Visual Studio 2022 Projects\Poutine Engine\Engine\Sources\ImGui\ImGuiLayer.cpp(162,12): warning C4244: 'argument': conversion from 'double' to 'const unsigned __int64', possible loss of data
Z:\Visual Studio 2022 Projects\Poutine Engine\Engine\Sources\ImGui\ImGuiLayer.cpp(162,23): warning C4244: 'argument': conversion from 'double' to 'const unsigned __int64', possible loss of data
Z:\Visual Studio 2022 Projects\Poutine Engine\Engine\Sources\ImGui\ImGuiLayer.cpp(164,27): warning C4244: '=': conversion from 'double' to '_Ty', possible loss of data
Z:\Visual Studio 2022 Projects\Poutine Engine\Engine\Sources\ImGui\ImGuiLayer.cpp(164,27): warning C4244:         with
Z:\Visual Studio 2022 Projects\Poutine Engine\Engine\Sources\ImGui\ImGuiLayer.cpp(164,27): warning C4244:         [
Z:\Visual Studio 2022 Projects\Poutine Engine\Engine\Sources\ImGui\ImGuiLayer.cpp(164,27): warning C4244:             _Ty=float
Z:\Visual Studio 2022 Projects\Poutine Engine\Engine\Sources\ImGui\ImGuiLayer.cpp(164,27): warning C4244:         ]
Z:\Visual Studio 2022 Projects\Poutine Engine\Engine\Sources\ImGui\ImGuiLayer.cpp(168,18): warning C4244: 'argument': conversion from 'double' to 'const unsigned __int64', possible loss of data
Z:\Visual Studio 2022 Projects\Poutine Engine\Engine\Sources\ImGui\ImGuiLayer.cpp(168,35): warning C4244: 'argument': conversion from 'double' to 'const unsigned __int64', possible loss of data
Z:\Visual Studio 2022 Projects\Poutine Engine\Engine\Sources\ImGui\ImGuiLayer.cpp(170,39): warning C4244: '=': conversion from 'double' to '_Ty', possible loss of data
Z:\Visual Studio 2022 Projects\Poutine Engine\Engine\Sources\ImGui\ImGuiLayer.cpp(170,39): warning C4244:         with
Z:\Visual Studio 2022 Projects\Poutine Engine\Engine\Sources\ImGui\ImGuiLayer.cpp(170,39): warning C4244:         [
Z:\Visual Studio 2022 Projects\Poutine Engine\Engine\Sources\ImGui\ImGuiLayer.cpp(170,39): warning C4244:             _Ty=float
Z:\Visual Studio 2022 Projects\Poutine Engine\Engine\Sources\ImGui\ImGuiLayer.cpp(170,39): warning C4244:         ]
Z:\Visual Studio 2022 Projects\Poutine Engine\Engine\Sources\ImGui\ImGuiLayer.cpp(174,19): warning C4244: 'argument': conversion from 'double' to '_Ty', possible loss of data
Z:\Visual Studio 2022 Projects\Poutine Engine\Engine\Sources\ImGui\ImGuiLayer.cpp(174,19): warning C4244:         with
Z:\Visual Studio 2022 Projects\Poutine Engine\Engine\Sources\ImGui\ImGuiLayer.cpp(174,19): warning C4244:         [
Z:\Visual Studio 2022 Projects\Poutine Engine\Engine\Sources\ImGui\ImGuiLayer.cpp(174,19): warning C4244:             _Ty=float
Z:\Visual Studio 2022 Projects\Poutine Engine\Engine\Sources\ImGui\ImGuiLayer.cpp(174,19): warning C4244:         ]
Z:\Visual Studio 2022 Projects\Poutine Engine\Engine\Sources\ImGui\ImGuiLayer.cpp(175,25): warning C4244: 'argument': conversion from 'double' to '_Ty', possible loss of data
Z:\Visual Studio 2022 Projects\Poutine Engine\Engine\Sources\ImGui\ImGuiLayer.cpp(175,25): warning C4244:         with
Z:\Visual Studio 2022 Projects\Poutine Engine\Engine\Sources\ImGui\ImGuiLayer.cpp(175,25): warning C4244:         [
Z:\Visual Studio 2022 Projects\Poutine Engine\Engine\Sources\ImGui\ImGuiLayer.cpp(175,25): warning C4244:             _Ty=float
Z:\Visual Studio 2022 Projects\Poutine Engine\Engine\Sources\ImGui\ImGuiLayer.cpp(175,25): warning C4244:         ]
Z:\Visual Studio 2022 Projects\Poutine Engine\Engine\Sources\ImGui\ImGuiLayer.cpp(181,48): warning C4267: 'argument': conversion from 'size_t' to 'int', possible loss of data
Z:\Visual Studio 2022 Projects\Poutine Engine\Engine\Sources\ImGui\ImGuiLayer.cpp(185,66): warning C4267: 'argument': conversion from 'size_t' to 'int', possible loss of data
  OpenGL.cpp
  OpenGLElementBuffer.cpp
  OpenGLIndexBuffer.cpp
  OpenGLInput.cpp
  OpenGLShader.cpp
  OpenGLTexture.cpp
  OpenGLVertexArray.cpp
  OpenGLVertexBuffer.cpp
  OpenGLWindow.cpp
  imgui.cpp
  imgui_demo.cpp
  imgui_draw.cpp
  imgui_impl_glfw.cpp
  imgui_impl_opengl3.cpp
  imgui_tables.cpp
  Generating Code...
Z:\Visual Studio 2022 Projects\Poutine Engine\Engine\Sources\Entities\Entities.cpp(41): warning C4172: returning address of local variable or temporary: entity
  Compiling...
  imgui_widgets.cpp
  Generating Code...
opengl32.lib(OPENGL32.dll) : warning LNK4006: __NULL_IMPORT_DESCRIPTOR already defined in glew32.lib(glew32.dll); second definition ignored
  Engine.vcxproj -> Z:\Visual Studio 2022 Projects\Poutine Engine\bin\Debug_windows_x86_64\Engine.lib
