z:\visual studio 2022 projects\game3d\bin\debug_windows_x86_64\engine.pdb
z:\visual studio 2022 projects\game3d\bin\debug_windows_x86_64\engine.idb
z:\visual studio 2022 projects\game3d\bin-int\debug_windows_x86_64\debug\engine\imgui_tables.obj
z:\visual studio 2022 projects\game3d\bin-int\debug_windows_x86_64\debug\engine\imgui_impl_opengl3.obj
z:\visual studio 2022 projects\game3d\bin-int\debug_windows_x86_64\debug\engine\imgui_impl_glfw.obj
z:\visual studio 2022 projects\game3d\bin-int\debug_windows_x86_64\debug\engine\imgui_draw.obj
z:\visual studio 2022 projects\game3d\bin-int\debug_windows_x86_64\debug\engine\imgui_demo.obj
z:\visual studio 2022 projects\game3d\bin-int\debug_windows_x86_64\debug\engine\imgui.obj
z:\visual studio 2022 projects\game3d\bin-int\debug_windows_x86_64\debug\engine\openglwindow.obj
z:\visual studio 2022 projects\game3d\bin-int\debug_windows_x86_64\debug\engine\openglvertexbuffer.obj
z:\visual studio 2022 projects\game3d\bin-int\debug_windows_x86_64\debug\engine\openglvertexarray.obj
z:\visual studio 2022 projects\game3d\bin-int\debug_windows_x86_64\debug\engine\opengltexture.obj
z:\visual studio 2022 projects\game3d\bin-int\debug_windows_x86_64\debug\engine\openglshader.obj
z:\visual studio 2022 projects\game3d\bin-int\debug_windows_x86_64\debug\engine\openglinput.obj
z:\visual studio 2022 projects\game3d\bin-int\debug_windows_x86_64\debug\engine\openglindexbuffer.obj
z:\visual studio 2022 projects\game3d\bin-int\debug_windows_x86_64\debug\engine\openglelementbuffer.obj
z:\visual studio 2022 projects\game3d\bin-int\debug_windows_x86_64\debug\engine\opengl.obj
z:\visual studio 2022 projects\game3d\bin-int\debug_windows_x86_64\debug\engine\imguilayer.obj
z:\visual studio 2022 projects\game3d\bin-int\debug_windows_x86_64\debug\engine\entities.obj
z:\visual studio 2022 projects\game3d\bin-int\debug_windows_x86_64\debug\engine\utilities.obj
z:\visual studio 2022 projects\game3d\bin-int\debug_windows_x86_64\debug\engine\logger.obj
z:\visual studio 2022 projects\game3d\bin-int\debug_windows_x86_64\debug\engine\instance.obj
z:\visual studio 2022 projects\game3d\bin-int\debug_windows_x86_64\debug\engine\imgui_widgets.obj
z:\visual studio 2022 projects\game3d\bin\debug_windows_x86_64\engine.lib
z:\visual studio 2022 projects\game3d\bin-int\debug_windows_x86_64\debug\engine\engine.tlog\cl.command.1.tlog
z:\visual studio 2022 projects\game3d\bin-int\debug_windows_x86_64\debug\engine\engine.tlog\cl.items.tlog
z:\visual studio 2022 projects\game3d\bin-int\debug_windows_x86_64\debug\engine\engine.tlog\cl.read.1.tlog
z:\visual studio 2022 projects\game3d\bin-int\debug_windows_x86_64\debug\engine\engine.tlog\cl.write.1.tlog
z:\visual studio 2022 projects\game3d\bin-int\debug_windows_x86_64\debug\engine\engine.tlog\lib-link.read.1.tlog
z:\visual studio 2022 projects\game3d\bin-int\debug_windows_x86_64\debug\engine\engine.tlog\lib-link.write.1.tlog
z:\visual studio 2022 projects\game3d\bin-int\debug_windows_x86_64\debug\engine\engine.tlog\lib.command.1.tlog
